<?xml version="1.0" encoding="UTF-8"?>
<testng-results ignored="0" total="1" passed="1" failed="0" skipped="0">
  <reporter-output>
  </reporter-output>
  <suite started-at="2025-05-18T08:56:02 IST" name="Default suite" finished-at="2025-05-18T08:56:22 IST" duration-ms="19594">
    <groups>
    </groups>
    <test started-at="2025-05-18T08:56:02 IST" name="Default test" finished-at="2025-05-18T08:56:22 IST" duration-ms="19594">
      <class name="tests.LoginTest">
        <test-method is-config="true" signature="setUp()[pri:0, instance:tests.LoginTest@41a0aa7d]" started-at="2025-05-18T08:56:02 IST" name="setUp" finished-at="2025-05-18T08:56:06 IST" duration-ms="3373" status="PASS">
          <reporter-output>
          </reporter-output>
        </test-method> <!-- setUp -->
        <test-method signature="testValidLogin()[pri:0, instance:tests.LoginTest@41a0aa7d]" started-at="2025-05-18T08:56:06 IST" name="testValidLogin" finished-at="2025-05-18T08:56:21 IST" duration-ms="15817" status="PASS">
          <reporter-output>
          </reporter-output>
        </test-method> <!-- testValidLogin -->
        <test-method is-config="true" signature="teardown()[pri:0, instance:tests.LoginTest@41a0aa7d]" started-at="2025-05-18T08:56:22 IST" name="teardown" finished-at="2025-05-18T08:56:22 IST" duration-ms="366" status="PASS">
          <reporter-output>
          </reporter-output>
        </test-method> <!-- teardown -->
      </class> <!-- tests.LoginTest -->
    </test> <!-- Default test -->
  </suite> <!-- Default suite -->
</testng-results>
